<?xml version="1.0" encoding="UTF-8"?>
<!-- Generated by org.testng.reporters.JUnitXMLReporter -->
<testsuite hostname="JLT01698L" ignored="0" name="Command line test" tests="3" failures="0" timestamp="18 Jan 2018 08:59:15 GMT" time="44.417" errors="0">
  <testcase name="clickProductsTab" time="4.579" classname="com.google.search.SearchTest"/>
  <testcase name="searchBharath" time="2.978" classname="com.google.search.SearchTest"/>
  <testcase name="searchEmaratech" time="2.615" classname="com.google.search.SearchTest"/>
</testsuite> <!-- Command line test -->
